> show dbs
admin   0.000GB
config  0.000GB
local   0.000GB
> use webdev
switched to db webdev
> db.movies.insert({title: 'Aliens', rating: 4.5})
WriteResult({ "nInserted" : 1 })
> show dbs
admin   0.000GB
config  0.000GB
local   0.000GB
webdev  0.000GB
>  db.movies.insert({title: 'Terminator', rating: 4.8})
WriteResult({ "nInserted" : 1 })
> db.movies.insert({title: 'Avatar', rating: 4.7})
WriteResult({ "nInserted" : 1 })
> db.movies.insert({title: 'Dune', rating: 4.9})
WriteResult({ "nInserted" : 1 })
> db.movies.find()
{ "_id" : ObjectId("61a96854c8606d4699cf269e"), "title" : "Aliens", "rating" : 4.5 }
{ "_id" : ObjectId("61a9688ec8606d4699cf269f"), "title" : "Terminator", "rating" : 4.8 }
{ "_id" : ObjectId("61a968a2c8606d4699cf26a0"), "title" : "Avatar", "rating" : 4.7 }
{ "_id" : ObjectId("61a968b6c8606d4699cf26a1"), "title" : "Dune", "rating" : 4.9 }
>  db.movies.find({_id: ObjectId("61a96854c8606d4699cf269e")});
{ "_id" : ObjectId("61a96854c8606d4699cf269e"), "title" : "Aliens", "rating" : 4.5 }
> db.movies.find({title: 'Aliens'});
{ "_id" : ObjectId("61a96854c8606d4699cf269e"), "title" : "Aliens", "rating" : 4.5 }
> db.movies.find().pretty()
{
	"_id" : ObjectId("61a96854c8606d4699cf269e"),
	"title" : "Aliens",
	"rating" : 4.5
}
{
	"_id" : ObjectId("61a9688ec8606d4699cf269f"),
	"title" : "Terminator",
	"rating" : 4.8
}
{
	"_id" : ObjectId("61a968a2c8606d4699cf26a0"),
	"title" : "Avatar",
	"rating" : 4.7
}
{
	"_id" : ObjectId("61a968b6c8606d4699cf26a1"),
	"title" : "Dune",
	"rating" : 4.9
}
> db.movies.updateOne({title: 'Avatar'}, {$set: {rating: 4.9}})
{ "acknowledged" : true, "matchedCount" : 1, "modifiedCount" : 1 }
> db.movies.updateOne({_id: ObjectId("61a968a2c8606d4699cf26a0")}, {$set: {rating: 4.5}});
{ "acknowledged" : true, "matchedCount" : 1, "modifiedCount" : 1 }
> db.movies.deleteOne({_id: ObjectId("61a96854c8606d4699cf269e")});
{ "acknowledged" : true, "deletedCount" : 1 }
> db.movies.find();
{ "_id" : ObjectId("61a9688ec8606d4699cf269f"), "title" : "Terminator", "rating" : 4.8 }
{ "_id" : ObjectId("61a968a2c8606d4699cf26a0"), "title" : "Avatar", "rating" : 4.5 }
{ "_id" : ObjectId("61a968b6c8606d4699cf26a1"), "title" : "Dune", "rating" : 4.9 }
